CRITICAL - 2022-03-06 06:54:47 --> file_get_contents(C:\xampp\htdocs\skymwamoto\writable\debugbar/debugbar_1646545475.json): failed to open stream: No such file or directory
#0 [internal function]: CodeIgniter\Debug\Exceptions->errorHandler(2, 'file_get_conten...', 'C:\\xampp\\htdocs...', 80, Array)
#1 C:\xampp\htdocs\skymwamoto\system\Debug\Toolbar\Collectors\History.php(80): file_get_contents('C:\\xampp\\htdocs...')
#2 C:\xampp\htdocs\skymwamoto\system\Debug\Toolbar.php(483): CodeIgniter\Debug\Toolbar\Collectors\History->setFiles(1646571281, 20)
#3 C:\xampp\htdocs\skymwamoto\system\Debug\Toolbar.php(460): CodeIgniter\Debug\Toolbar->format(Array, 'html')
#4 C:\xampp\htdocs\skymwamoto\app\Config\Events.php(48): CodeIgniter\Debug\Toolbar->respond()
#5 C:\xampp\htdocs\skymwamoto\system\Events\Events.php(149): CodeIgniter\Events\Events::Config\{closure}()
#6 C:\xampp\htdocs\skymwamoto\system\CodeIgniter.php(300): CodeIgniter\Events\Events::trigger('pre_system')
#7 C:\xampp\htdocs\skymwamoto\public\index.php(37): CodeIgniter\CodeIgniter->run()
#8 {main}
CRITICAL - 2022-03-06 06:54:47 --> file_get_contents(C:\xampp\htdocs\skymwamoto\writable\debugbar/debugbar_1646545475.json): failed to open stream: No such file or directory
#0 [internal function]: CodeIgniter\Debug\Exceptions->errorHandler(2, 'file_get_conten...', 'C:\\xampp\\htdocs...', 80, Array)
#1 C:\xampp\htdocs\skymwamoto\system\Debug\Toolbar\Collectors\History.php(80): file_get_contents('C:\\xampp\\htdocs...')
#2 C:\xampp\htdocs\skymwamoto\system\Debug\Toolbar.php(483): CodeIgniter\Debug\Toolbar\Collectors\History->setFiles(1646571280, 20)
#3 C:\xampp\htdocs\skymwamoto\system\Debug\Toolbar.php(460): CodeIgniter\Debug\Toolbar->format(Array, 'html')
#4 C:\xampp\htdocs\skymwamoto\app\Config\Events.php(48): CodeIgniter\Debug\Toolbar->respond()
#5 C:\xampp\htdocs\skymwamoto\system\Events\Events.php(149): CodeIgniter\Events\Events::Config\{closure}()
#6 C:\xampp\htdocs\skymwamoto\system\CodeIgniter.php(300): CodeIgniter\Events\Events::trigger('pre_system')
#7 C:\xampp\htdocs\skymwamoto\public\index.php(37): CodeIgniter\CodeIgniter->run()
#8 {main}
CRITICAL - 2022-03-06 06:54:52 --> Invalid file: tours_and_safari.php
#0 C:\xampp\htdocs\skymwamoto\system\View\View.php(198): CodeIgniter\Exceptions\FrameworkException::forInvalidFile('tours_and_safar...')
#1 C:\xampp\htdocs\skymwamoto\system\Common.php(1097): CodeIgniter\View\View->render('tours_and_safar...', Array, true)
#2 C:\xampp\htdocs\skymwamoto\app\Controllers\Tours_and_Safaris.php(15): view('tours_and_safar...', Array)
#3 C:\xampp\htdocs\skymwamoto\system\CodeIgniter.php(824): App\Controllers\Tours_and_Safaris->index()
#4 C:\xampp\htdocs\skymwamoto\system\CodeIgniter.php(410): CodeIgniter\CodeIgniter->runController(Object(App\Controllers\Tours_and_Safaris))
#5 C:\xampp\htdocs\skymwamoto\system\CodeIgniter.php(318): CodeIgniter\CodeIgniter->handleRequest(NULL, Object(Config\Cache), false)
#6 C:\xampp\htdocs\skymwamoto\public\index.php(37): CodeIgniter\CodeIgniter->run()
#7 {main}
CRITICAL - 2022-03-06 07:05:26 --> Invalid file: mountaintrekkingroute.php
#0 C:\xampp\htdocs\skymwamoto\system\View\View.php(198): CodeIgniter\Exceptions\FrameworkException::forInvalidFile('mountaintrekkin...')
#1 C:\xampp\htdocs\skymwamoto\system\Common.php(1097): CodeIgniter\View\View->render('mountaintrekkin...', Array, true)
#2 C:\xampp\htdocs\skymwamoto\app\Controllers\MountainTrekkingRoute.php(23): view('mountaintrekkin...', Array)
#3 C:\xampp\htdocs\skymwamoto\system\CodeIgniter.php(824): App\Controllers\MountainTrekkingRoute->index()
#4 C:\xampp\htdocs\skymwamoto\system\CodeIgniter.php(410): CodeIgniter\CodeIgniter->runController(Object(App\Controllers\MountainTrekkingRoute))
#5 C:\xampp\htdocs\skymwamoto\system\CodeIgniter.php(318): CodeIgniter\CodeIgniter->handleRequest(NULL, Object(Config\Cache), false)
#6 C:\xampp\htdocs\skymwamoto\public\index.php(37): CodeIgniter\CodeIgniter->run()
#7 {main}
CRITICAL - 2022-03-06 07:36:18 --> Trying to access array offset on value of type null
#0 C:\xampp\htdocs\skymwamoto\app\Views\voluntering\voluntering_details.php(19): CodeIgniter\Debug\Exceptions->errorHandler(8, 'Trying to acces...', 'C:\\xampp\\htdocs...', 19, Array)
#1 C:\xampp\htdocs\skymwamoto\system\View\View.php(214): include('C:\\xampp\\htdocs...')
#2 C:\xampp\htdocs\skymwamoto\system\View\View.php(217): CodeIgniter\View\View->CodeIgniter\View\{closure}()
#3 C:\xampp\htdocs\skymwamoto\system\Common.php(1097): CodeIgniter\View\View->render('voluntering/vol...', Array, true)
#4 C:\xampp\htdocs\skymwamoto\app\Controllers\Volunteering.php(205): view('voluntering/vol...', Array)
#5 C:\xampp\htdocs\skymwamoto\system\CodeIgniter.php(824): App\Controllers\Volunteering->single_volunteering('js', 'twitter', 'api', 'tweet.php')
#6 C:\xampp\htdocs\skymwamoto\system\CodeIgniter.php(410): CodeIgniter\CodeIgniter->runController(Object(App\Controllers\Volunteering))
#7 C:\xampp\htdocs\skymwamoto\system\CodeIgniter.php(318): CodeIgniter\CodeIgniter->handleRequest(NULL, Object(Config\Cache), false)
#8 C:\xampp\htdocs\skymwamoto\public\index.php(37): CodeIgniter\CodeIgniter->run()
#9 {main}
CRITICAL - 2022-03-06 09:22:52 --> Trying to access array offset on value of type null
#0 C:\xampp\htdocs\skymwamoto\app\Views\destinations\destinations_details.php(15): CodeIgniter\Debug\Exceptions->errorHandler(8, 'Trying to acces...', 'C:\\xampp\\htdocs...', 15, Array)
#1 C:\xampp\htdocs\skymwamoto\system\View\View.php(214): include('C:\\xampp\\htdocs...')
#2 C:\xampp\htdocs\skymwamoto\system\View\View.php(217): CodeIgniter\View\View->CodeIgniter\View\{closure}()
#3 C:\xampp\htdocs\skymwamoto\system\Common.php(1097): CodeIgniter\View\View->render('destinations/de...', Array, true)
#4 C:\xampp\htdocs\skymwamoto\app\Controllers\Destinations.php(220): view('destinations/de...', Array)
#5 C:\xampp\htdocs\skymwamoto\system\CodeIgniter.php(824): App\Controllers\Destinations->single_destinations('js', 'twitter', 'api', 'tweet.php')
#6 C:\xampp\htdocs\skymwamoto\system\CodeIgniter.php(410): CodeIgniter\CodeIgniter->runController(Object(App\Controllers\Destinations))
#7 C:\xampp\htdocs\skymwamoto\system\CodeIgniter.php(318): CodeIgniter\CodeIgniter->handleRequest(NULL, Object(Config\Cache), false)
#8 C:\xampp\htdocs\skymwamoto\public\index.php(37): CodeIgniter\CodeIgniter->run()
#9 {main}
CRITICAL - 2022-03-06 09:28:00 --> Undefined variable: cat
#0 C:\xampp\htdocs\skymwamoto\app\Views\toursandsafari\tours_and_safari_route_details.php(28): CodeIgniter\Debug\Exceptions->errorHandler(8, 'Undefined varia...', 'C:\\xampp\\htdocs...', 28, Array)
#1 C:\xampp\htdocs\skymwamoto\system\View\View.php(214): include('C:\\xampp\\htdocs...')
#2 C:\xampp\htdocs\skymwamoto\system\View\View.php(217): CodeIgniter\View\View->CodeIgniter\View\{closure}()
#3 C:\xampp\htdocs\skymwamoto\system\Common.php(1097): CodeIgniter\View\View->render('toursandsafari/...', Array, true)
#4 C:\xampp\htdocs\skymwamoto\app\Controllers\Tours_and_Safaris.php(195): view('toursandsafari/...', Array)
#5 C:\xampp\htdocs\skymwamoto\system\CodeIgniter.php(824): App\Controllers\Tours_and_Safaris->tours_and_safaris_details('js', 'twitter', 'api', 'tweet.php')
#6 C:\xampp\htdocs\skymwamoto\system\CodeIgniter.php(410): CodeIgniter\CodeIgniter->runController(Object(App\Controllers\Tours_and_Safaris))
#7 C:\xampp\htdocs\skymwamoto\system\CodeIgniter.php(318): CodeIgniter\CodeIgniter->handleRequest(NULL, Object(Config\Cache), false)
#8 C:\xampp\htdocs\skymwamoto\public\index.php(37): CodeIgniter\CodeIgniter->run()
#9 {main}
CRITICAL - 2022-03-06 10:16:49 --> Undefined variable: cat
#0 C:\xampp\htdocs\skymwamoto\app\Views\toursandsafari\tours_and_safari_route_details.php(28): CodeIgniter\Debug\Exceptions->errorHandler(8, 'Undefined varia...', 'C:\\xampp\\htdocs...', 28, Array)
#1 C:\xampp\htdocs\skymwamoto\system\View\View.php(214): include('C:\\xampp\\htdocs...')
#2 C:\xampp\htdocs\skymwamoto\system\View\View.php(217): CodeIgniter\View\View->CodeIgniter\View\{closure}()
#3 C:\xampp\htdocs\skymwamoto\system\Common.php(1097): CodeIgniter\View\View->render('toursandsafari/...', Array, true)
#4 C:\xampp\htdocs\skymwamoto\app\Controllers\Tours_and_Safaris.php(195): view('toursandsafari/...', Array)
#5 C:\xampp\htdocs\skymwamoto\system\CodeIgniter.php(824): App\Controllers\Tours_and_Safaris->tours_and_safaris_details('js', 'twitter', 'api', 'tweet.php')
#6 C:\xampp\htdocs\skymwamoto\system\CodeIgniter.php(410): CodeIgniter\CodeIgniter->runController(Object(App\Controllers\Tours_and_Safaris))
#7 C:\xampp\htdocs\skymwamoto\system\CodeIgniter.php(318): CodeIgniter\CodeIgniter->handleRequest(NULL, Object(Config\Cache), false)
#8 C:\xampp\htdocs\skymwamoto\public\index.php(37): CodeIgniter\CodeIgniter->run()
#9 {main}
CRITICAL - 2022-03-06 10:17:05 --> Trying to access array offset on value of type null
#0 C:\xampp\htdocs\skymwamoto\app\Views\voluntering\voluntering_details.php(19): CodeIgniter\Debug\Exceptions->errorHandler(8, 'Trying to acces...', 'C:\\xampp\\htdocs...', 19, Array)
#1 C:\xampp\htdocs\skymwamoto\system\View\View.php(214): include('C:\\xampp\\htdocs...')
#2 C:\xampp\htdocs\skymwamoto\system\View\View.php(217): CodeIgniter\View\View->CodeIgniter\View\{closure}()
#3 C:\xampp\htdocs\skymwamoto\system\Common.php(1097): CodeIgniter\View\View->render('voluntering/vol...', Array, true)
#4 C:\xampp\htdocs\skymwamoto\app\Controllers\Volunteering.php(205): view('voluntering/vol...', Array)
#5 C:\xampp\htdocs\skymwamoto\system\CodeIgniter.php(824): App\Controllers\Volunteering->single_volunteering('js', 'twitter', 'api', 'tweet.php')
#6 C:\xampp\htdocs\skymwamoto\system\CodeIgniter.php(410): CodeIgniter\CodeIgniter->runController(Object(App\Controllers\Volunteering))
#7 C:\xampp\htdocs\skymwamoto\system\CodeIgniter.php(318): CodeIgniter\CodeIgniter->handleRequest(NULL, Object(Config\Cache), false)
#8 C:\xampp\htdocs\skymwamoto\public\index.php(37): CodeIgniter\CodeIgniter->run()
#9 {main}
CRITICAL - 2022-03-06 10:18:18 --> Trying to access array offset on value of type null
#0 C:\xampp\htdocs\skymwamoto\app\Views\voluntering\voluntering_details.php(19): CodeIgniter\Debug\Exceptions->errorHandler(8, 'Trying to acces...', 'C:\\xampp\\htdocs...', 19, Array)
#1 C:\xampp\htdocs\skymwamoto\system\View\View.php(214): include('C:\\xampp\\htdocs...')
#2 C:\xampp\htdocs\skymwamoto\system\View\View.php(217): CodeIgniter\View\View->CodeIgniter\View\{closure}()
#3 C:\xampp\htdocs\skymwamoto\system\Common.php(1097): CodeIgniter\View\View->render('voluntering/vol...', Array, true)
#4 C:\xampp\htdocs\skymwamoto\app\Controllers\Volunteering.php(205): view('voluntering/vol...', Array)
#5 C:\xampp\htdocs\skymwamoto\system\CodeIgniter.php(824): App\Controllers\Volunteering->single_volunteering('js', 'twitter', 'api', 'tweet.php')
#6 C:\xampp\htdocs\skymwamoto\system\CodeIgniter.php(410): CodeIgniter\CodeIgniter->runController(Object(App\Controllers\Volunteering))
#7 C:\xampp\htdocs\skymwamoto\system\CodeIgniter.php(318): CodeIgniter\CodeIgniter->handleRequest(NULL, Object(Config\Cache), false)
#8 C:\xampp\htdocs\skymwamoto\public\index.php(37): CodeIgniter\CodeIgniter->run()
#9 {main}
CRITICAL - 2022-03-06 12:38:09 --> Undefined variable: cat
#0 C:\xampp\htdocs\skymwamoto\app\Views\toursandsafari\tours_and_safari_route_details.php(28): CodeIgniter\Debug\Exceptions->errorHandler(8, 'Undefined varia...', 'C:\\xampp\\htdocs...', 28, Array)
#1 C:\xampp\htdocs\skymwamoto\system\View\View.php(214): include('C:\\xampp\\htdocs...')
#2 C:\xampp\htdocs\skymwamoto\system\View\View.php(217): CodeIgniter\View\View->CodeIgniter\View\{closure}()
#3 C:\xampp\htdocs\skymwamoto\system\Common.php(1097): CodeIgniter\View\View->render('toursandsafari/...', Array, true)
#4 C:\xampp\htdocs\skymwamoto\app\Controllers\Tours_and_Safaris.php(195): view('toursandsafari/...', Array)
#5 C:\xampp\htdocs\skymwamoto\system\CodeIgniter.php(824): App\Controllers\Tours_and_Safaris->tours_and_safaris_details('js', 'twitter', 'api', 'tweet.php')
#6 C:\xampp\htdocs\skymwamoto\system\CodeIgniter.php(410): CodeIgniter\CodeIgniter->runController(Object(App\Controllers\Tours_and_Safaris))
#7 C:\xampp\htdocs\skymwamoto\system\CodeIgniter.php(318): CodeIgniter\CodeIgniter->handleRequest(NULL, Object(Config\Cache), false)
#8 C:\xampp\htdocs\skymwamoto\public\index.php(37): CodeIgniter\CodeIgniter->run()
#9 {main}
CRITICAL - 2022-03-06 12:39:25 --> Invalid file: contacts.php
#0 C:\xampp\htdocs\skymwamoto\system\View\View.php(198): CodeIgniter\Exceptions\FrameworkException::forInvalidFile('contacts.php')
#1 C:\xampp\htdocs\skymwamoto\system\Common.php(1097): CodeIgniter\View\View->render('contacts', Array, true)
#2 C:\xampp\htdocs\skymwamoto\app\Controllers\Contacts.php(64): view('contacts', Array)
#3 C:\xampp\htdocs\skymwamoto\system\CodeIgniter.php(824): App\Controllers\Contacts->save()
#4 C:\xampp\htdocs\skymwamoto\system\CodeIgniter.php(410): CodeIgniter\CodeIgniter->runController(Object(App\Controllers\Contacts))
#5 C:\xampp\htdocs\skymwamoto\system\CodeIgniter.php(318): CodeIgniter\CodeIgniter->handleRequest(NULL, Object(Config\Cache), false)
#6 C:\xampp\htdocs\skymwamoto\public\index.php(37): CodeIgniter\CodeIgniter->run()
#7 {main}
CRITICAL - 2022-03-06 12:40:53 --> Undefined variable: nothern
#0 C:\xampp\htdocs\skymwamoto\app\Views\includes\header.php(69): CodeIgniter\Debug\Exceptions->errorHandler(8, 'Undefined varia...', 'C:\\xampp\\htdocs...', 69, Array)
#1 C:\xampp\htdocs\skymwamoto\system\View\View.php(214): include('C:\\xampp\\htdocs...')
#2 C:\xampp\htdocs\skymwamoto\system\View\View.php(217): CodeIgniter\View\View->CodeIgniter\View\{closure}()
#3 C:\xampp\htdocs\skymwamoto\system\View\View.php(432): CodeIgniter\View\View->render('includes/header', NULL, true)
#4 C:\xampp\htdocs\skymwamoto\app\Views\contact\contact.php(73): CodeIgniter\View\View->include('includes/header')
#5 C:\xampp\htdocs\skymwamoto\system\View\View.php(214): include('C:\\xampp\\htdocs...')
#6 C:\xampp\htdocs\skymwamoto\system\View\View.php(217): CodeIgniter\View\View->CodeIgniter\View\{closure}()
#7 C:\xampp\htdocs\skymwamoto\system\Common.php(1097): CodeIgniter\View\View->render('contact/contact', Array, true)
#8 C:\xampp\htdocs\skymwamoto\app\Controllers\Contacts.php(64): view('contact/contact', Array)
#9 C:\xampp\htdocs\skymwamoto\system\CodeIgniter.php(824): App\Controllers\Contacts->save()
#10 C:\xampp\htdocs\skymwamoto\system\CodeIgniter.php(410): CodeIgniter\CodeIgniter->runController(Object(App\Controllers\Contacts))
#11 C:\xampp\htdocs\skymwamoto\system\CodeIgniter.php(318): CodeIgniter\CodeIgniter->handleRequest(NULL, Object(Config\Cache), false)
#12 C:\xampp\htdocs\skymwamoto\public\index.php(37): CodeIgniter\CodeIgniter->run()
#13 {main}
CRITICAL - 2022-03-06 12:43:11 --> Trying to access array offset on value of type null
#0 C:\xampp\htdocs\skymwamoto\app\Views\voluntering\voluntering_details.php(19): CodeIgniter\Debug\Exceptions->errorHandler(8, 'Trying to acces...', 'C:\\xampp\\htdocs...', 19, Array)
#1 C:\xampp\htdocs\skymwamoto\system\View\View.php(214): include('C:\\xampp\\htdocs...')
#2 C:\xampp\htdocs\skymwamoto\system\View\View.php(217): CodeIgniter\View\View->CodeIgniter\View\{closure}()
#3 C:\xampp\htdocs\skymwamoto\system\Common.php(1097): CodeIgniter\View\View->render('voluntering/vol...', Array, true)
#4 C:\xampp\htdocs\skymwamoto\app\Controllers\Volunteering.php(205): view('voluntering/vol...', Array)
#5 C:\xampp\htdocs\skymwamoto\system\CodeIgniter.php(824): App\Controllers\Volunteering->single_volunteering('js', 'twitter', 'api', 'tweet.php')
#6 C:\xampp\htdocs\skymwamoto\system\CodeIgniter.php(410): CodeIgniter\CodeIgniter->runController(Object(App\Controllers\Volunteering))
#7 C:\xampp\htdocs\skymwamoto\system\CodeIgniter.php(318): CodeIgniter\CodeIgniter->handleRequest(NULL, Object(Config\Cache), false)
#8 C:\xampp\htdocs\skymwamoto\public\index.php(37): CodeIgniter\CodeIgniter->run()
#9 {main}
CRITICAL - 2022-03-06 12:46:16 --> Undefined variable: cat
#0 C:\xampp\htdocs\skymwamoto\app\Views\toursandsafari\tours_and_safari_route_details.php(28): CodeIgniter\Debug\Exceptions->errorHandler(8, 'Undefined varia...', 'C:\\xampp\\htdocs...', 28, Array)
#1 C:\xampp\htdocs\skymwamoto\system\View\View.php(214): include('C:\\xampp\\htdocs...')
#2 C:\xampp\htdocs\skymwamoto\system\View\View.php(217): CodeIgniter\View\View->CodeIgniter\View\{closure}()
#3 C:\xampp\htdocs\skymwamoto\system\Common.php(1097): CodeIgniter\View\View->render('toursandsafari/...', Array, true)
#4 C:\xampp\htdocs\skymwamoto\app\Controllers\Tours_and_Safaris.php(195): view('toursandsafari/...', Array)
#5 C:\xampp\htdocs\skymwamoto\system\CodeIgniter.php(824): App\Controllers\Tours_and_Safaris->tours_and_safaris_details('js', 'twitter', 'api', 'tweet.php')
#6 C:\xampp\htdocs\skymwamoto\system\CodeIgniter.php(410): CodeIgniter\CodeIgniter->runController(Object(App\Controllers\Tours_and_Safaris))
#7 C:\xampp\htdocs\skymwamoto\system\CodeIgniter.php(318): CodeIgniter\CodeIgniter->handleRequest(NULL, Object(Config\Cache), false)
#8 C:\xampp\htdocs\skymwamoto\public\index.php(37): CodeIgniter\CodeIgniter->run()
#9 {main}
CRITICAL - 2022-03-06 12:48:26 --> Undefined variable: cat
#0 C:\xampp\htdocs\skymwamoto\app\Views\toursandsafari\tours_and_safari_route_details.php(28): CodeIgniter\Debug\Exceptions->errorHandler(8, 'Undefined varia...', 'C:\\xampp\\htdocs...', 28, Array)
#1 C:\xampp\htdocs\skymwamoto\system\View\View.php(214): include('C:\\xampp\\htdocs...')
#2 C:\xampp\htdocs\skymwamoto\system\View\View.php(217): CodeIgniter\View\View->CodeIgniter\View\{closure}()
#3 C:\xampp\htdocs\skymwamoto\system\Common.php(1097): CodeIgniter\View\View->render('toursandsafari/...', Array, true)
#4 C:\xampp\htdocs\skymwamoto\app\Controllers\Tours_and_Safaris.php(195): view('toursandsafari/...', Array)
#5 C:\xampp\htdocs\skymwamoto\system\CodeIgniter.php(824): App\Controllers\Tours_and_Safaris->tours_and_safaris_details('js', 'twitter', 'api', 'tweet.php')
#6 C:\xampp\htdocs\skymwamoto\system\CodeIgniter.php(410): CodeIgniter\CodeIgniter->runController(Object(App\Controllers\Tours_and_Safaris))
#7 C:\xampp\htdocs\skymwamoto\system\CodeIgniter.php(318): CodeIgniter\CodeIgniter->handleRequest(NULL, Object(Config\Cache), false)
#8 C:\xampp\htdocs\skymwamoto\public\index.php(37): CodeIgniter\CodeIgniter->run()
#9 {main}
CRITICAL - 2022-03-06 12:49:16 --> Undefined variable: cat
#0 C:\xampp\htdocs\skymwamoto\app\Views\toursandsafari\tours_and_safari_route_details.php(28): CodeIgniter\Debug\Exceptions->errorHandler(8, 'Undefined varia...', 'C:\\xampp\\htdocs...', 28, Array)
#1 C:\xampp\htdocs\skymwamoto\system\View\View.php(214): include('C:\\xampp\\htdocs...')
#2 C:\xampp\htdocs\skymwamoto\system\View\View.php(217): CodeIgniter\View\View->CodeIgniter\View\{closure}()
#3 C:\xampp\htdocs\skymwamoto\system\Common.php(1097): CodeIgniter\View\View->render('toursandsafari/...', Array, true)
#4 C:\xampp\htdocs\skymwamoto\app\Controllers\Tours_and_Safaris.php(195): view('toursandsafari/...', Array)
#5 C:\xampp\htdocs\skymwamoto\system\CodeIgniter.php(824): App\Controllers\Tours_and_Safaris->tours_and_safaris_details('js', 'twitter', 'api', 'tweet.php')
#6 C:\xampp\htdocs\skymwamoto\system\CodeIgniter.php(410): CodeIgniter\CodeIgniter->runController(Object(App\Controllers\Tours_and_Safaris))
#7 C:\xampp\htdocs\skymwamoto\system\CodeIgniter.php(318): CodeIgniter\CodeIgniter->handleRequest(NULL, Object(Config\Cache), false)
#8 C:\xampp\htdocs\skymwamoto\public\index.php(37): CodeIgniter\CodeIgniter->run()
#9 {main}
CRITICAL - 2022-03-06 12:52:29 --> Undefined variable: destinationss
#0 C:\xampp\htdocs\skymwamoto\app\Views\includes\footer.php(36): CodeIgniter\Debug\Exceptions->errorHandler(8, 'Undefined varia...', 'C:\\xampp\\htdocs...', 36, Array)
#1 C:\xampp\htdocs\skymwamoto\system\View\View.php(214): include('C:\\xampp\\htdocs...')
#2 C:\xampp\htdocs\skymwamoto\system\View\View.php(217): CodeIgniter\View\View->CodeIgniter\View\{closure}()
#3 C:\xampp\htdocs\skymwamoto\system\View\View.php(432): CodeIgniter\View\View->render('includes/footer', NULL, true)
#4 C:\xampp\htdocs\skymwamoto\app\Views\voluntering\voluntering.php(113): CodeIgniter\View\View->include('includes/footer')
#5 C:\xampp\htdocs\skymwamoto\system\View\View.php(214): include('C:\\xampp\\htdocs...')
#6 C:\xampp\htdocs\skymwamoto\system\View\View.php(217): CodeIgniter\View\View->CodeIgniter\View\{closure}()
#7 C:\xampp\htdocs\skymwamoto\system\Common.php(1097): CodeIgniter\View\View->render('voluntering/vol...', Array, true)
#8 C:\xampp\htdocs\skymwamoto\app\Controllers\Volunteering.php(40): view('voluntering/vol...', Array)
#9 C:\xampp\htdocs\skymwamoto\system\CodeIgniter.php(824): App\Controllers\Volunteering->all()
#10 C:\xampp\htdocs\skymwamoto\system\CodeIgniter.php(410): CodeIgniter\CodeIgniter->runController(Object(App\Controllers\Volunteering))
#11 C:\xampp\htdocs\skymwamoto\system\CodeIgniter.php(318): CodeIgniter\CodeIgniter->handleRequest(NULL, Object(Config\Cache), false)
#12 C:\xampp\htdocs\skymwamoto\public\index.php(37): CodeIgniter\CodeIgniter->run()
#13 {main}
CRITICAL - 2022-03-06 13:34:11 --> Trying to access array offset on value of type null
#0 C:\xampp\htdocs\skymwamoto\app\Views\destinations\destinations_details.php(15): CodeIgniter\Debug\Exceptions->errorHandler(8, 'Trying to acces...', 'C:\\xampp\\htdocs...', 15, Array)
#1 C:\xampp\htdocs\skymwamoto\system\View\View.php(214): include('C:\\xampp\\htdocs...')
#2 C:\xampp\htdocs\skymwamoto\system\View\View.php(217): CodeIgniter\View\View->CodeIgniter\View\{closure}()
#3 C:\xampp\htdocs\skymwamoto\system\Common.php(1097): CodeIgniter\View\View->render('destinations/de...', Array, true)
#4 C:\xampp\htdocs\skymwamoto\app\Controllers\Destinations.php(220): view('destinations/de...', Array)
#5 C:\xampp\htdocs\skymwamoto\system\CodeIgniter.php(824): App\Controllers\Destinations->single_destinations('js', 'twitter', 'api', 'tweet.php')
#6 C:\xampp\htdocs\skymwamoto\system\CodeIgniter.php(410): CodeIgniter\CodeIgniter->runController(Object(App\Controllers\Destinations))
#7 C:\xampp\htdocs\skymwamoto\system\CodeIgniter.php(318): CodeIgniter\CodeIgniter->handleRequest(NULL, Object(Config\Cache), false)
#8 C:\xampp\htdocs\skymwamoto\public\index.php(37): CodeIgniter\CodeIgniter->run()
#9 {main}
CRITICAL - 2022-03-06 13:34:30 --> Trying to access array offset on value of type null
#0 C:\xampp\htdocs\skymwamoto\app\Views\destinations\destinations_details.php(15): CodeIgniter\Debug\Exceptions->errorHandler(8, 'Trying to acces...', 'C:\\xampp\\htdocs...', 15, Array)
#1 C:\xampp\htdocs\skymwamoto\system\View\View.php(214): include('C:\\xampp\\htdocs...')
#2 C:\xampp\htdocs\skymwamoto\system\View\View.php(217): CodeIgniter\View\View->CodeIgniter\View\{closure}()
#3 C:\xampp\htdocs\skymwamoto\system\Common.php(1097): CodeIgniter\View\View->render('destinations/de...', Array, true)
#4 C:\xampp\htdocs\skymwamoto\app\Controllers\Destinations.php(220): view('destinations/de...', Array)
#5 C:\xampp\htdocs\skymwamoto\system\CodeIgniter.php(824): App\Controllers\Destinations->single_destinations('js', 'twitter', 'api', 'tweet.php')
#6 C:\xampp\htdocs\skymwamoto\system\CodeIgniter.php(410): CodeIgniter\CodeIgniter->runController(Object(App\Controllers\Destinations))
#7 C:\xampp\htdocs\skymwamoto\system\CodeIgniter.php(318): CodeIgniter\CodeIgniter->handleRequest(NULL, Object(Config\Cache), false)
#8 C:\xampp\htdocs\skymwamoto\public\index.php(37): CodeIgniter\CodeIgniter->run()
#9 {main}
CRITICAL - 2022-03-06 14:03:39 --> Undefined variable: cat
#0 C:\xampp\htdocs\skymwamoto\app\Views\toursandsafari\tours_and_safari_route_details.php(28): CodeIgniter\Debug\Exceptions->errorHandler(8, 'Undefined varia...', 'C:\\xampp\\htdocs...', 28, Array)
#1 C:\xampp\htdocs\skymwamoto\system\View\View.php(214): include('C:\\xampp\\htdocs...')
#2 C:\xampp\htdocs\skymwamoto\system\View\View.php(217): CodeIgniter\View\View->CodeIgniter\View\{closure}()
#3 C:\xampp\htdocs\skymwamoto\system\Common.php(1097): CodeIgniter\View\View->render('toursandsafari/...', Array, true)
#4 C:\xampp\htdocs\skymwamoto\app\Controllers\Tours_and_Safaris.php(195): view('toursandsafari/...', Array)
#5 C:\xampp\htdocs\skymwamoto\system\CodeIgniter.php(824): App\Controllers\Tours_and_Safaris->tours_and_safaris_details('js', 'twitter', 'api', 'tweet.php')
#6 C:\xampp\htdocs\skymwamoto\system\CodeIgniter.php(410): CodeIgniter\CodeIgniter->runController(Object(App\Controllers\Tours_and_Safaris))
#7 C:\xampp\htdocs\skymwamoto\system\CodeIgniter.php(318): CodeIgniter\CodeIgniter->handleRequest(NULL, Object(Config\Cache), false)
#8 C:\xampp\htdocs\skymwamoto\public\index.php(37): CodeIgniter\CodeIgniter->run()
#9 {main}
