CRITICAL - 2022-02-28 06:41:37 --> Call to undefined method CodeIgniter\View\View::base_url()
#0 C:\xampp\htdocs\skymwamoto\system\View\View.php(214): include()
#1 C:\xampp\htdocs\skymwamoto\system\View\View.php(217): CodeIgniter\View\View->CodeIgniter\View\{closure}()
#2 C:\xampp\htdocs\skymwamoto\system\Common.php(1097): CodeIgniter\View\View->render('home/index', Array, true)
#3 C:\xampp\htdocs\skymwamoto\app\Controllers\Home.php(9): view('home/index')
#4 C:\xampp\htdocs\skymwamoto\system\CodeIgniter.php(824): App\Controllers\Home->index()
#5 C:\xampp\htdocs\skymwamoto\system\CodeIgniter.php(410): CodeIgniter\CodeIgniter->runController(Object(App\Controllers\Home))
#6 C:\xampp\htdocs\skymwamoto\system\CodeIgniter.php(318): CodeIgniter\CodeIgniter->handleRequest(NULL, Object(Config\Cache), false)
#7 C:\xampp\htdocs\skymwamoto\public\index.php(37): CodeIgniter\CodeIgniter->run()
#8 {main}
CRITICAL - 2022-02-28 06:41:43 --> Call to undefined method CodeIgniter\View\View::base_url()
#0 C:\xampp\htdocs\skymwamoto\system\View\View.php(214): include()
#1 C:\xampp\htdocs\skymwamoto\system\View\View.php(217): CodeIgniter\View\View->CodeIgniter\View\{closure}()
#2 C:\xampp\htdocs\skymwamoto\system\Common.php(1097): CodeIgniter\View\View->render('home/index', Array, true)
#3 C:\xampp\htdocs\skymwamoto\app\Controllers\Home.php(9): view('home/index')
#4 C:\xampp\htdocs\skymwamoto\system\CodeIgniter.php(824): App\Controllers\Home->index()
#5 C:\xampp\htdocs\skymwamoto\system\CodeIgniter.php(410): CodeIgniter\CodeIgniter->runController(Object(App\Controllers\Home))
#6 C:\xampp\htdocs\skymwamoto\system\CodeIgniter.php(318): CodeIgniter\CodeIgniter->handleRequest(NULL, Object(Config\Cache), false)
#7 C:\xampp\htdocs\skymwamoto\public\index.php(37): CodeIgniter\CodeIgniter->run()
#8 {main}
